Starting project at C:\Users\cactu\OneDrive\Desktop\app\Guest Manager\mobile
Starting Metro Bundler
warning: Bundler cache is empty, rebuilding (this may take a minute)
The following packages should be updated for best compatibility with the installed expo version:
  @react-native-async-storage/async-storage@2.2.0 - expected version: 2.1.2
  react-native@0.79.0 - expected version: 0.79.6
  @types/react@19.2.14 - expected version: ~19.0.10
  typescript@5.9.3 - expected version: ~5.8.3
Your project may not work correctly until you install the expected versions of the packages.
Waiting on http://localhost:8081
Logs for your project will appear below.
Android node_modules\expo\AppEntry.js ░░░░░░░░░░░░░░░░  0.0% (0/1)
Android node_modules\expo\AppEntry.js ▓▓▓░░░░░░░░░░░░░ 21.3% ( 62/191)
Android node_modules\expo\AppEntry.js ▓▓▓▓▓▓▓▓▓░░░░░░░ 58.5% (358/468)
Android node_modules\expo\AppEntry.js ▓▓▓▓▓▓▓▓▓▓▓▓▓▓▓░ 99.0% (609/616)
Android node_modules\expo\AppEntry.js ▓▓▓▓▓▓▓▓▓▓▓▓▓▓▓░ 99.9% (709/709)
Android Bundled 14738ms node_modules\expo\AppEntry.js (709 modules)
 ERROR  Warning: Error: Call to function 'NativeDatabase.prepareSync' has been rejected.
→ Caused by: Error code : no such table: mobile_mutation_queue

This error is located at:

Call Stack
  App (App.tsx)
  WithDevTools (node_modules\expo\src\launch\withDevTools.tsx)
  RCTView (<anonymous>)
  React.forwardRef$argument_0 (node_modules\react-native\Libraries\Components\View\View.js)
  RCTView (<anonymous>)
  React.forwardRef$argument_0 (node_modules\react-native\Libraries\Components\View\View.js)
  AppContainer (node_modules\react-native\Libraries\ReactNative\AppContainer-dev.js)
  main(RootComponent) (http:\127.0.0.1:8081\node_modules\expo\AppEntry.bundle)
Android node_modules\expo\AppEntry.js ░░░░░░░░░░░░░░░░  0.0% (0/1)
Android Bundled 73ms node_modules\expo\AppEntry.js (1 module)
Android node_modules\expo\AppEntry.js ░░░░░░░░░░░░░░░░  0.0% (0/1)
Android Bundled 71ms node_modules\expo\AppEntry.js (1 module)
› Detected a change in babel.config.js. Restart the server to see the new results. You may need to clear the bundler cache with the --clear flag for your changes to take effect.
Web node_modules\expo\AppEntry.js ░░░░░░░░░░░░░░░░  0.0% (0/1)
Web node_modules\expo\AppEntry.js ▓░░░░░░░░░░░░░░░  9.0% (3/5)
Web node_modules\expo\AppEntry.js ▓▓▓▓▓░░░░░░░░░░░ 36.0% (41/84)
Web node_modules\expo\AppEntry.js ▓▓▓▓▓▓▓░░░░░░░░░ 46.0% ( 78/115)
Web node_modules\expo\AppEntry.js ▓▓▓▓▓▓▓▓▓▓░░░░░░ 62.6% (143/194)
Web node_modules\expo\AppEntry.js ▓▓▓▓▓▓▓▓▓▓▓▓▓░░░ 81.4% (222/246)
Web node_modules\expo\AppEntry.js ▓▓▓▓▓▓▓▓▓▓▓▓▓▓▓░ 96.1% (247/252)
Web node_modules\expo\AppEntry.js ▓▓▓▓▓▓▓▓▓▓▓▓▓▓▓░ 96.9% (248/252)
Web Bundled 28533ms node_modules\expo\AppEntry.js (270 modules)
Web node_modules\expo-sqlite\web\worker.ts ░░░░░░░░░░░░░░░░  0.0% (0/1)
Web Bundling failed 907ms node_modules\expo-sqlite\web\worker.ts (1 module)
Unable to resolve "./wa-sqlite/wa-sqlite.wasm" from "node_modules\expo-sqlite\web\worker.ts"
