[ 4971818ms] [ERROR] WebSocket connection to 'ws://localhost:3000/_next/webpack-hmr?id=ccHM_9vpFlkBy35TLzS6E' failed: Error in connection establishment: net::ERR_CONNECTION_REFUSED @ http://localhost:3000/_next/static/chunks/node_modules_next_dist_client_17643121._.js:10878
[ 4975183ms] [ERROR] WebSocket connection to 'ws://localhost:3000/_next/webpack-hmr?id=ccHM_9vpFlkBy35TLzS6E' failed: Error in connection establishment: net::ERR_CONNECTION_REFUSED @ http://localhost:3000/_next/static/chunks/node_modules_next_dist_client_17643121._.js:10878
[ 4978538ms] [ERROR] WebSocket connection to 'ws://localhost:3000/_next/webpack-hmr?id=ccHM_9vpFlkBy35TLzS6E' failed: Error in connection establishment: net::ERR_CONNECTION_REFUSED @ http://localhost:3000/_next/static/chunks/node_modules_next_dist_client_17643121._.js:10878
[ 4981920ms] [ERROR] WebSocket connection to 'ws://localhost:3000/_next/webpack-hmr?id=ccHM_9vpFlkBy35TLzS6E' failed: Error in connection establishment: net::ERR_CONNECTION_REFUSED @ http://localhost:3000/_next/static/chunks/node_modules_next_dist_client_17643121._.js:10878
[ 4985301ms] [ERROR] WebSocket connection to 'ws://localhost:3000/_next/webpack-hmr?id=ccHM_9vpFlkBy35TLzS6E' failed: Error in connection establishment: net::ERR_CONNECTION_REFUSED @ http://localhost:3000/_next/static/chunks/node_modules_next_dist_client_17643121._.js:10878
[ 4992682ms] [ERROR] WebSocket connection to 'ws://localhost:3000/_next/webpack-hmr?id=ccHM_9vpFlkBy35TLzS6E' failed: Error in connection establishment: net::ERR_CONNECTION_REFUSED @ http://localhost:3000/_next/static/chunks/node_modules_next_dist_client_17643121._.js:10878
[ 5000038ms] [ERROR] WebSocket connection to 'ws://localhost:3000/_next/webpack-hmr?id=ccHM_9vpFlkBy35TLzS6E' failed: Error in connection establishment: net::ERR_CONNECTION_REFUSED @ http://localhost:3000/_next/static/chunks/node_modules_next_dist_client_17643121._.js:10878
[ 5007418ms] [ERROR] WebSocket connection to 'ws://localhost:3000/_next/webpack-hmr?id=ccHM_9vpFlkBy35TLzS6E' failed: Error in connection establishment: net::ERR_CONNECTION_REFUSED @ http://localhost:3000/_next/static/chunks/node_modules_next_dist_client_17643121._.js:10878
[ 5014809ms] [ERROR] WebSocket connection to 'ws://localhost:3000/_next/webpack-hmr?id=ccHM_9vpFlkBy35TLzS6E' failed: Error in connection establishment: net::ERR_CONNECTION_REFUSED @ http://localhost:3000/_next/static/chunks/node_modules_next_dist_client_17643121._.js:10878
[ 5022218ms] [ERROR] WebSocket connection to 'ws://localhost:3000/_next/webpack-hmr?id=ccHM_9vpFlkBy35TLzS6E' failed: Error in connection establishment: net::ERR_CONNECTION_REFUSED @ http://localhost:3000/_next/static/chunks/node_modules_next_dist_client_17643121._.js:10878
[ 5029645ms] [ERROR] WebSocket connection to 'ws://localhost:3000/_next/webpack-hmr?id=ccHM_9vpFlkBy35TLzS6E' failed: Error in connection establishment: net::ERR_CONNECTION_REFUSED @ http://localhost:3000/_next/static/chunks/node_modules_next_dist_client_17643121._.js:10878
[ 5037085ms] [ERROR] WebSocket connection to 'ws://localhost:3000/_next/webpack-hmr?id=ccHM_9vpFlkBy35TLzS6E' failed: Error in connection establishment: net::ERR_CONNECTION_REFUSED @ http://localhost:3000/_next/static/chunks/node_modules_next_dist_client_17643121._.js:10878
[251127889ms] [ERROR] WebSocket connection to 'ws://localhost:3000/_next/webpack-hmr?id=cCIXdjWmbi0agDny1zayp' failed: Error in connection establishment: net::ERR_CONNECTION_REFUSED @ http://localhost:3000/_next/static/chunks/node_modules_next_dist_client_17643121._.js:10878
[251131238ms] [ERROR] WebSocket connection to 'ws://localhost:3000/_next/webpack-hmr?id=cCIXdjWmbi0agDny1zayp' failed: Error in connection establishment: net::ERR_CONNECTION_REFUSED @ http://localhost:3000/_next/static/chunks/node_modules_next_dist_client_17643121._.js:10878
[253809535ms] [ERROR] WebSocket connection to 'ws://localhost:3000/_next/webpack-hmr?id=cCIXdjWmbi0agDny1zayp' failed: Error in connection establishment: net::ERR_CONNECTION_REFUSED @ http://localhost:3000/_next/static/chunks/node_modules_next_dist_client_17643121._.js:10878
[253812918ms] [ERROR] WebSocket connection to 'ws://localhost:3000/_next/webpack-hmr?id=cCIXdjWmbi0agDny1zayp' failed: Error in connection establishment: net::ERR_CONNECTION_REFUSED @ http://localhost:3000/_next/static/chunks/node_modules_next_dist_client_17643121._.js:10878
[253816279ms] [ERROR] WebSocket connection to 'ws://localhost:3000/_next/webpack-hmr?id=cCIXdjWmbi0agDny1zayp' failed: Error in connection establishment: net::ERR_CONNECTION_REFUSED @ http://localhost:3000/_next/static/chunks/node_modules_next_dist_client_17643121._.js:10878
[253819663ms] [ERROR] WebSocket connection to 'ws://localhost:3000/_next/webpack-hmr?id=cCIXdjWmbi0agDny1zayp' failed: Error in connection establishment: net::ERR_CONNECTION_REFUSED @ http://localhost:3000/_next/static/chunks/node_modules_next_dist_client_17643121._.js:10878
[254825352ms] [ERROR] WebSocket connection to 'ws://localhost:3000/_next/webpack-hmr?id=cCIXdjWmbi0agDny1zayp' failed: Error in connection establishment: net::ERR_CONNECTION_REFUSED @ http://localhost:3000/_next/static/chunks/node_modules_next_dist_client_17643121._.js:10878
[254828692ms] [ERROR] WebSocket connection to 'ws://localhost:3000/_next/webpack-hmr?id=cCIXdjWmbi0agDny1zayp' failed: Error in connection establishment: net::ERR_CONNECTION_REFUSED @ http://localhost:3000/_next/static/chunks/node_modules_next_dist_client_17643121._.js:10878
[254832037ms] [ERROR] WebSocket connection to 'ws://localhost:3000/_next/webpack-hmr?id=cCIXdjWmbi0agDny1zayp' failed: Error in connection establishment: net::ERR_CONNECTION_REFUSED @ http://localhost:3000/_next/static/chunks/node_modules_next_dist_client_17643121._.js:10878
[254835402ms] [ERROR] WebSocket connection to 'ws://localhost:3000/_next/webpack-hmr?id=cCIXdjWmbi0agDny1zayp' failed: Error in connection establishment: net::ERR_CONNECTION_REFUSED @ http://localhost:3000/_next/static/chunks/node_modules_next_dist_client_17643121._.js:10878
[254838767ms] [ERROR] WebSocket connection to 'ws://localhost:3000/_next/webpack-hmr?id=cCIXdjWmbi0agDny1zayp' failed: Error in connection establishment: net::ERR_CONNECTION_REFUSED @ http://localhost:3000/_next/static/chunks/node_modules_next_dist_client_17643121._.js:10878
[255259654ms] [ERROR] WebSocket connection to 'ws://localhost:3000/_next/webpack-hmr?id=cCIXdjWmbi0agDny1zayp' failed: Error in connection establishment: net::ERR_CONNECTION_REFUSED @ http://localhost:3000/_next/static/chunks/node_modules_next_dist_client_17643121._.js:10878
[255263013ms] [ERROR] WebSocket connection to 'ws://localhost:3000/_next/webpack-hmr?id=cCIXdjWmbi0agDny1zayp' failed: Error in connection establishment: net::ERR_CONNECTION_REFUSED @ http://localhost:3000/_next/static/chunks/node_modules_next_dist_client_17643121._.js:10878
[255266376ms] [ERROR] WebSocket connection to 'ws://localhost:3000/_next/webpack-hmr?id=cCIXdjWmbi0agDny1zayp' failed: Error in connection establishment: net::ERR_CONNECTION_REFUSED @ http://localhost:3000/_next/static/chunks/node_modules_next_dist_client_17643121._.js:10878
[255269731ms] [ERROR] WebSocket connection to 'ws://localhost:3000/_next/webpack-hmr?id=cCIXdjWmbi0agDny1zayp' failed: Error in connection establishment: net::ERR_CONNECTION_REFUSED @ http://localhost:3000/_next/static/chunks/node_modules_next_dist_client_17643121._.js:10878
[255273099ms] [ERROR] WebSocket connection to 'ws://localhost:3000/_next/webpack-hmr?id=cCIXdjWmbi0agDny1zayp' failed: Error in connection establishment: net::ERR_CONNECTION_REFUSED @ http://localhost:3000/_next/static/chunks/node_modules_next_dist_client_17643121._.js:10878
[255280451ms] [ERROR] WebSocket connection to 'ws://localhost:3000/_next/webpack-hmr?id=cCIXdjWmbi0agDny1zayp' failed: Error in connection establishment: net::ERR_CONNECTION_REFUSED @ http://localhost:3000/_next/static/chunks/node_modules_next_dist_client_17643121._.js:10878
[255287827ms] [ERROR] WebSocket connection to 'ws://localhost:3000/_next/webpack-hmr?id=cCIXdjWmbi0agDny1zayp' failed: Error in connection establishment: net::ERR_CONNECTION_REFUSED @ http://localhost:3000/_next/static/chunks/node_modules_next_dist_client_17643121._.js:10878
[255295202ms] [ERROR] WebSocket connection to 'ws://localhost:3000/_next/webpack-hmr?id=cCIXdjWmbi0agDny1zayp' failed: Error in connection establishment: net::ERR_CONNECTION_REFUSED @ http://localhost:3000/_next/static/chunks/node_modules_next_dist_client_17643121._.js:10878
[255302578ms] [ERROR] WebSocket connection to 'ws://localhost:3000/_next/webpack-hmr?id=cCIXdjWmbi0agDny1zayp' failed: Error in connection establishment: net::ERR_CONNECTION_REFUSED @ http://localhost:3000/_next/static/chunks/node_modules_next_dist_client_17643121._.js:10878
[255309973ms] [ERROR] WebSocket connection to 'ws://localhost:3000/_next/webpack-hmr?id=cCIXdjWmbi0agDny1zayp' failed: Error in connection establishment: net::ERR_CONNECTION_REFUSED @ http://localhost:3000/_next/static/chunks/node_modules_next_dist_client_17643121._.js:10878
[255317357ms] [ERROR] WebSocket connection to 'ws://localhost:3000/_next/webpack-hmr?id=cCIXdjWmbi0agDny1zayp' failed: Error in connection establishment: net::ERR_CONNECTION_REFUSED @ http://localhost:3000/_next/static/chunks/node_modules_next_dist_client_17643121._.js:10878
[255324827ms] [ERROR] WebSocket connection to 'ws://localhost:3000/_next/webpack-hmr?id=cCIXdjWmbi0agDny1zayp' failed: Error in connection establishment: net::ERR_CONNECTION_REFUSED @ http://localhost:3000/_next/static/chunks/node_modules_next_dist_client_17643121._.js:10878
[255336790ms] [ERROR] Failed to load resource: the server responded with a status of 404 (Not Found) @ http://localhost:3000/e/onestone-ads-688213/gala:0
[255337390ms] [ERROR] Failed to load resource: the server responded with a status of 404 (Not Found) @ http://localhost:3000/favicon.ico:0
[255943932ms] [ERROR] Failed to load resource: the server responded with a status of 404 (Not Found) @ http://localhost:3000/e/onestone-ads-688213/gala?_rsc=h6ex5:0
[255943947ms] [ERROR] Failed to load resource: the server responded with a status of 404 (Not Found) @ http://localhost:3000/e/onestone-ads-688213/gala?_rsc=h6ex5:0
[255943996ms] [ERROR] Failed to load resource: the server responded with a status of 404 (Not Found) @ http://localhost:3000/e/onestone-ads-688213/gala:0
[255944037ms] [ERROR] Failed to load resource: the server responded with a status of 404 (Not Found) @ http://localhost:3000/_next/static/css/app/layout.css?v=1773138359133:0
[255944053ms] [ERROR] Failed to load resource: the server responded with a status of 404 (Not Found) @ http://localhost:3000/_next/static/chunks/main-app.js?v=1773138359133:0
[255944054ms] [ERROR] Failed to load resource: the server responded with a status of 404 (Not Found) @ http://localhost:3000/_next/static/chunks/app/layout.js:0
[255944054ms] [ERROR] Failed to load resource: the server responded with a status of 404 (Not Found) @ http://localhost:3000/_next/static/chunks/app-pages-internals.js:0
